# JRE version: Java(TM) SE Runtime Environment (8.0_92-b14) (build 1.8.0_92-b14)
# Java VM: Java HotSpot(TM) Client VM (25.92-b14 mixed mode windows-x86 )
Heap:
 def new generation   total 39424K, used 36930K [0x05200000, 0x07cc0000, 0x0fca0000)
  eden space 35072K,  94% used [0x05200000, 0x07263270, 0x07440000)
  from space 4352K,  86% used [0x07880000, 0x07c2d760, 0x07cc0000)
  to   space 4352K,   0% used [0x07440000, 0x07440000, 0x07880000)
 tenured generation   total 87424K, used 32136K [0x0fca0000, 0x15200000, 0x25200000)
   the space 87424K,  36% used [0x0fca0000, 0x11c023f8, 0x11c02400, 0x15200000)
 Metaspace       used 18864K, capacity 19342K, committed 19456K, reserved 19840K
GC Heap History (10 events):
Event: 181.612 GC heap before
{Heap before GC invocations=5 (full 1):
 def new generation   total 39424K, used 37826K [0x05200000, 0x07cc0000, 0x0fca0000)
  eden space 35072K, 100% used [0x05200000, 0x07440000, 0x07440000)
  from space 4352K,  63% used [0x07440000, 0x076f0b90, 0x07880000)
  to   space 4352K,   0% used [0x07880000, 0x07880000, 0x07cc0000)
 tenured generation   total 87424K, used 26132K [0x0fca0000, 0x15200000, 0x25200000)
   the space 87424K,  29% used [0x0fca0000, 0x11625108, 0x11625200, 0x15200000)
 Metaspace       used 18507K, capacity 18978K, committed 19072K, reserved 19840K
Event: 181.622 GC heap after
Heap after GC invocations=6 (full 1):
 def new generation   total 39424K, used 4205K [0x05200000, 0x07cc0000, 0x0fca0000)
  eden space 35072K,   0% used [0x05200000, 0x05200000, 0x07440000)
  from space 4352K,  96% used [0x07880000, 0x07c9b550, 0x07cc0000)
  to   space 4352K,   0% used [0x07440000, 0x07440000, 0x07880000)
 tenured generation   total 87424K, used 27752K [0x0fca0000, 0x15200000, 0x25200000)
   the space 87424K,  31% used [0x0fca0000, 0x117ba0c0, 0x117ba200, 0x15200000)
 Metaspace       used 18507K, capacity 18978K, committed 19072K, reserved 19840K
}
Event: 673.009 GC heap before
{Heap before GC invocations=6 (full 1):
 def new generation   total 39424K, used 39277K [0x05200000, 0x07cc0000, 0x0fca0000)
  eden space 35072K, 100% used [0x05200000, 0x07440000, 0x07440000)
  from space 4352K,  96% used [0x07880000, 0x07c9b550, 0x07cc0000)
  to   space 4352K,   0% used [0x07440000, 0x07440000, 0x07880000)
 tenured generation   total 87424K, used 27752K [0x0fca0000, 0x15200000, 0x25200000)
   the space 87424K,  31% used [0x0fca0000, 0x117ba0c0, 0x117ba200, 0x15200000)
 Metaspace       used 18859K, capacity 19335K, committed 19456K, reserved 19840K
Event: 673.028 GC heap after
Heap after GC invocations=7 (full 1):
 def new generation   total 39424K, used 3074K [0x05200000, 0x07cc0000, 0x0fca0000)
  eden space 35072K,   0% used [0x05200000, 0x05200000, 0x07440000)
  from space 4352K,  70% used [0x07440000, 0x07740878, 0x07880000)
  to   space 4352K,   0% used [0x07880000, 0x07880000, 0x07cc0000)
 tenured generation   total 87424K, used 29218K [0x0fca0000, 0x15200000, 0x25200000)
   the space 87424K,  33% used [0x0fca0000, 0x119288e8, 0x11928a00, 0x15200000)
 Metaspace       used 18859K, capacity 19335K, committed 19456K, reserved 19840K
}
Event: 1612.849 GC heap before
{Heap before GC invocations=7 (full 1):
 def new generation   total 39424K, used 38146K [0x05200000, 0x07cc0000, 0x0fca0000)
  eden space 35072K, 100% used [0x05200000, 0x07440000, 0x07440000)
  from space 4352K,  70% used [0x07440000, 0x07740878, 0x07880000)
  to   space 4352K,   0% used [0x07880000, 0x07880000, 0x07cc0000)
 tenured generation   total 87424K, used 29218K [0x0fca0000, 0x15200000, 0x25200000)
   the space 87424K,  33% used [0x0fca0000, 0x119288e8, 0x11928a00, 0x15200000)
 Metaspace       used 18860K, capacity 19337K, committed 19456K, reserved 19840K
Event: 1612.860 GC heap after
Heap after GC invocations=8 (full 1):
 def new generation   total 39424K, used 18K [0x05200000, 0x07cc0000, 0x0fca0000)
  eden space 35072K,   0% used [0x05200000, 0x05200000, 0x07440000)
  from space 4352K,   0% used [0x07880000, 0x078848b0, 0x07cc0000)
  to   space 4352K,   0% used [0x07440000, 0x07440000, 0x07880000)
 tenured generation   total 87424K, used 32136K [0x0fca0000, 0x15200000, 0x25200000)
   the space 87424K,  36% used [0x0fca0000, 0x11c023f8, 0x11c02400, 0x15200000)
 Metaspace       used 18860K, capacity 19337K, committed 19456K, reserved 19840K
}
Event: 2566.534 GC heap before
{Heap before GC invocations=8 (full 1):
 def new generation   total 39424K, used 35090K [0x05200000, 0x07cc0000, 0x0fca0000)
  eden space 35072K, 100% used [0x05200000, 0x07440000, 0x07440000)
  from space 4352K,   0% used [0x07880000, 0x078848b0, 0x07cc0000)
  to   space 4352K,   0% used [0x07440000, 0x07440000, 0x07880000)
 tenured generation   total 87424K, used 32136K [0x0fca0000, 0x15200000, 0x25200000)
   the space 87424K,  36% used [0x0fca0000, 0x11c023f8, 0x11c02400, 0x15200000)
 Metaspace       used 18861K, capacity 19337K, committed 19456K, reserved 19840K
Event: 2566.536 GC heap after
Heap after GC invocations=9 (full 1):
 def new generation   total 39424K, used 270K [0x05200000, 0x07cc0000, 0x0fca0000)
  eden space 35072K,   0% used [0x05200000, 0x05200000, 0x07440000)
  from space 4352K,   6% used [0x07440000, 0x07483af0, 0x07880000)
  to   space 4352K,   0% used [0x07880000, 0x07880000, 0x07cc0000)
 tenured generation   total 87424K, used 32136K [0x0fca0000, 0x15200000, 0x25200000)
   the space 87424K,  36% used [0x0fca0000, 0x11c023f8, 0x11c02400, 0x15200000)
 Metaspace       used 18861K, capacity 19337K, committed 19456K, reserved 19840K
}
Event: 3646.917 GC heap before
{Heap before GC invocations=9 (full 1):
 def new generation   total 39424K, used 35342K [0x05200000, 0x07cc0000, 0x0fca0000)
  eden space 35072K, 100% used [0x05200000, 0x07440000, 0x07440000)
  from space 4352K,   6% used [0x07440000, 0x07483af0, 0x07880000)
  to   space 4352K,   0% used [0x07880000, 0x07880000, 0x07cc0000)
 tenured generation   total 87424K, used 32136K [0x0fca0000, 0x15200000, 0x25200000)
   the space 87424K,  36% used [0x0fca0000, 0x11c023f8, 0x11c02400, 0x15200000)
 Metaspace       used 18863K, capacity 19342K, committed 19456K, reserved 19840K
Event: 3646.920 GC heap after
Heap after GC invocations=10 (full 1):
 def new generation   total 39424K, used 3765K [0x05200000, 0x07cc0000, 0x0fca0000)
  eden space 35072K,   0% used [0x05200000, 0x05200000, 0x07440000)
  from space 4352K,  86% used [0x07880000, 0x07c2d760, 0x07cc0000)
  to   space 4352K,   0% used [0x07440000, 0x07440000, 0x07880000)
 tenured generation   total 87424K, used 32136K [0x0fca0000, 0x15200000, 0x25200000)
   the space 87424K,  36% used [0x0fca0000, 0x11c023f8, 0x11c02400, 0x15200000)
 Metaspace       used 18863K, capacity 19342K, committed 19456K, reserved 19840K
}

