# JRE version: Java(TM) SE Runtime Environment (8.0_92-b14) (build 1.8.0_92-b14)
# Java VM: Java HotSpot(TM) Client VM (25.92-b14 mixed mode windows-x86 )
Heap:
 def new generation   total 39424K, used 5426K [0x04800000, 0x072c0000, 0x0f2a0000)
  eden space 35072K,  15% used [0x04800000, 0x04d4c438, 0x06a40000)
  from space 4352K,   0% used [0x06e80000, 0x06e80430, 0x072c0000)
  to   space 4352K,   0% used [0x06a40000, 0x06a40000, 0x06e80000)
 tenured generation   total 87424K, used 39154K [0x0f2a0000, 0x14800000, 0x24800000)
   the space 87424K,  44% used [0x0f2a0000, 0x118dcb00, 0x118dcc00, 0x14800000)
 Metaspace       used 18973K, capacity 19436K, committed 19584K, reserved 19840K
GC Heap History (10 events):
Event: 2849.579 GC heap before
{Heap before GC invocations=7 (full 1):
 def new generation   total 39424K, used 35077K [0x04800000, 0x072c0000, 0x0f2a0000)
  eden space 35072K, 100% used [0x04800000, 0x06a40000, 0x06a40000)
  from space 4352K,   0% used [0x06a40000, 0x06a41508, 0x06e80000)
  to   space 4352K,   0% used [0x06e80000, 0x06e80000, 0x072c0000)
 tenured generation   total 87424K, used 33522K [0x0f2a0000, 0x14800000, 0x24800000)
   the space 87424K,  38% used [0x0f2a0000, 0x1135c8b8, 0x1135ca00, 0x14800000)
 Metaspace       used 18538K, capacity 18977K, committed 19072K, reserved 19840K
Event: 2849.585 GC heap after
Heap after GC invocations=8 (full 1):
 def new generation   total 39424K, used 117K [0x04800000, 0x072c0000, 0x0f2a0000)
  eden space 35072K,   0% used [0x04800000, 0x04800000, 0x06a40000)
  from space 4352K,   2% used [0x06e80000, 0x06e9d650, 0x072c0000)
  to   space 4352K,   0% used [0x06a40000, 0x06a40000, 0x06e80000)
 tenured generation   total 87424K, used 33522K [0x0f2a0000, 0x14800000, 0x24800000)
   the space 87424K,  38% used [0x0f2a0000, 0x1135c8b8, 0x1135ca00, 0x14800000)
 Metaspace       used 18538K, capacity 18977K, committed 19072K, reserved 19840K
}
Event: 3055.412 GC heap before
{Heap before GC invocations=8 (full 1):
 def new generation   total 39424K, used 35189K [0x04800000, 0x072c0000, 0x0f2a0000)
  eden space 35072K, 100% used [0x04800000, 0x06a40000, 0x06a40000)
  from space 4352K,   2% used [0x06e80000, 0x06e9d650, 0x072c0000)
  to   space 4352K,   0% used [0x06a40000, 0x06a40000, 0x06e80000)
 tenured generation   total 87424K, used 33522K [0x0f2a0000, 0x14800000, 0x24800000)
   the space 87424K,  38% used [0x0f2a0000, 0x1135c8b8, 0x1135ca00, 0x14800000)
 Metaspace       used 18659K, capacity 19140K, committed 19200K, reserved 19840K
Event: 3055.422 GC heap after
Heap after GC invocations=9 (full 1):
 def new generation   total 39424K, used 2689K [0x04800000, 0x072c0000, 0x0f2a0000)
  eden space 35072K,   0% used [0x04800000, 0x04800000, 0x06a40000)
  from space 4352K,  61% used [0x06a40000, 0x06ce05e0, 0x06e80000)
  to   space 4352K,   0% used [0x06e80000, 0x06e80000, 0x072c0000)
 tenured generation   total 87424K, used 33522K [0x0f2a0000, 0x14800000, 0x24800000)
   the space 87424K,  38% used [0x0f2a0000, 0x1135c8b8, 0x1135ca00, 0x14800000)
 Metaspace       used 18659K, capacity 19140K, committed 19200K, reserved 19840K
}
Event: 3568.730 GC heap before
{Heap before GC invocations=9 (full 1):
 def new generation   total 39424K, used 37761K [0x04800000, 0x072c0000, 0x0f2a0000)
  eden space 35072K, 100% used [0x04800000, 0x06a40000, 0x06a40000)
  from space 4352K,  61% used [0x06a40000, 0x06ce05e0, 0x06e80000)
  to   space 4352K,   0% used [0x06e80000, 0x06e80000, 0x072c0000)
 tenured generation   total 87424K, used 33522K [0x0f2a0000, 0x14800000, 0x24800000)
   the space 87424K,  38% used [0x0f2a0000, 0x1135c8b8, 0x1135ca00, 0x14800000)
 Metaspace       used 18969K, capacity 19436K, committed 19584K, reserved 19840K
Event: 3568.735 GC heap after
Heap after GC invocations=10 (full 1):
 def new generation   total 39424K, used 1003K [0x04800000, 0x072c0000, 0x0f2a0000)
  eden space 35072K,   0% used [0x04800000, 0x04800000, 0x06a40000)
  from space 4352K,  23% used [0x06e80000, 0x06f7ac68, 0x072c0000)
  to   space 4352K,   0% used [0x06a40000, 0x06a40000, 0x06e80000)
 tenured generation   total 87424K, used 35902K [0x0f2a0000, 0x14800000, 0x24800000)
   the space 87424K,  41% used [0x0f2a0000, 0x115af970, 0x115afa00, 0x14800000)
 Metaspace       used 18969K, capacity 19436K, committed 19584K, reserved 19840K
}
Event: 3987.996 GC heap before
{Heap before GC invocations=10 (full 1):
 def new generation   total 39424K, used 36075K [0x04800000, 0x072c0000, 0x0f2a0000)
  eden space 35072K, 100% used [0x04800000, 0x06a40000, 0x06a40000)
  from space 4352K,  23% used [0x06e80000, 0x06f7ac68, 0x072c0000)
  to   space 4352K,   0% used [0x06a40000, 0x06a40000, 0x06e80000)
 tenured generation   total 87424K, used 35902K [0x0f2a0000, 0x14800000, 0x24800000)
   the space 87424K,  41% used [0x0f2a0000, 0x115af970, 0x115afa00, 0x14800000)
 Metaspace       used 18972K, capacity 19436K, committed 19584K, reserved 19840K
Event: 3988.005 GC heap after
Heap after GC invocations=11 (full 1):
 def new generation   total 39424K, used 3265K [0x04800000, 0x072c0000, 0x0f2a0000)
  eden space 35072K,   0% used [0x04800000, 0x04800000, 0x06a40000)
  from space 4352K,  75% used [0x06a40000, 0x06d70570, 0x06e80000)
  to   space 4352K,   0% used [0x06e80000, 0x06e80000, 0x072c0000)
 tenured generation   total 87424K, used 35902K [0x0f2a0000, 0x14800000, 0x24800000)
   the space 87424K,  41% used [0x0f2a0000, 0x115af970, 0x115afa00, 0x14800000)
 Metaspace       used 18972K, capacity 19436K, committed 19584K, reserved 19840K
}
Event: 4619.748 GC heap before
{Heap before GC invocations=11 (full 1):
 def new generation   total 39424K, used 38337K [0x04800000, 0x072c0000, 0x0f2a0000)
  eden space 35072K, 100% used [0x04800000, 0x06a40000, 0x06a40000)
  from space 4352K,  75% used [0x06a40000, 0x06d70570, 0x06e80000)
  to   space 4352K,   0% used [0x06e80000, 0x06e80000, 0x072c0000)
 tenured generation   total 87424K, used 35902K [0x0f2a0000, 0x14800000, 0x24800000)
   the space 87424K,  41% used [0x0f2a0000, 0x115af970, 0x115afa00, 0x14800000)
 Metaspace       used 18973K, capacity 19436K, committed 19584K, reserved 19840K
Event: 4619.761 GC heap after
Heap after GC invocations=12 (full 1):
 def new generation   total 39424K, used 1K [0x04800000, 0x072c0000, 0x0f2a0000)
  eden space 35072K,   0% used [0x04800000, 0x04800000, 0x06a40000)
  from space 4352K,   0% used [0x06e80000, 0x06e80430, 0x072c0000)
  to   space 4352K,   0% used [0x06a40000, 0x06a40000, 0x06e80000)
 tenured generation   total 87424K, used 39154K [0x0f2a0000, 0x14800000, 0x24800000)
   the space 87424K,  44% used [0x0f2a0000, 0x118dcb00, 0x118dcc00, 0x14800000)
 Metaspace       used 18973K, capacity 19436K, committed 19584K, reserved 19840K
}

